Using pre-set license
Built from '2020.3/staging' branch; Version is '2020.3.11f1 (99c7afb366b3) revision 10078127'; Using compiler version '192528614'; Build Type 'Release'
OS: 'Windows 10 Pro; OS build 19043.1526; Version 2009; 64bit' Language: 'ru' Physical Memory: 16347 MB
BatchMode: 1, IsHumanControllingUs: 0, StartBugReporterOnCrash: 0, Is64bit: 1, IsPro: 0

 COMMAND LINE ARGUMENTS:
C:\Program Files\Unity\Hub\Editor\2020.3.11f1\Editor\Unity.exe
-adb2
-batchMode
-noUpm
-name
AssetImportWorker0
-projectPath
C:/Users/wertt/Desktop/GriMor/Stereotype-Game/StereotypeGame
-logFile
Logs/AssetImportWorker0.log
-srvPort
57785
Successfully changed project path to: C:/Users/wertt/Desktop/GriMor/Stereotype-Game/StereotypeGame
C:/Users/wertt/Desktop/GriMor/Stereotype-Game/StereotypeGame
Using Asset Import Pipeline V2.
Refreshing native plugins compatible for Editor in 129.52 ms, found 3 plugins.
Preloading 0 native plugins for Editor in 0.00 ms.
Initialize engine version: 2020.3.11f1 (99c7afb366b3)
[Subsystems] Discovering subsystems at path C:/Program Files/Unity/Hub/Editor/2020.3.11f1/Editor/Data/Resources/UnitySubsystems
[Subsystems] Discovering subsystems at path C:/Users/wertt/Desktop/GriMor/Stereotype-Game/StereotypeGame/Assets
GfxDevice: creating device client; threaded=0
Direct3D:
    Version:  Direct3D 11.0 [level 11.1]
    Renderer: NVIDIA GeForce GTX 950 (ID=0x1402)
    Vendor:   
    VRAM:     2007 MB
    Driver:   27.21.14.5671
Initialize mono
Mono path[0] = 'C:/Program Files/Unity/Hub/Editor/2020.3.11f1/Editor/Data/Managed'
Mono path[1] = 'C:/Program Files/Unity/Hub/Editor/2020.3.11f1/Editor/Data/MonoBleedingEdge/lib/mono/unityjit'
Mono config path = 'C:/Program Files/Unity/Hub/Editor/2020.3.11f1/Editor/Data/MonoBleedingEdge/etc'
Using monoOptions --debugger-agent=transport=dt_socket,embedding=1,server=y,suspend=n,address=127.0.0.1:56020
Begin MonoManager ReloadAssembly
Registering precompiled unity dll's ...
Register platform support module: C:/Program Files/Unity/Hub/Editor/2020.3.11f1/Editor/Data/PlaybackEngines/MacStandaloneSupport/UnityEditor.OSXStandalone.Extensions.dll
Register platform support module: C:/Program Files/Unity/Hub/Editor/2020.3.11f1/Editor/Data/PlaybackEngines/WindowsStandaloneSupport/UnityEditor.WindowsStandalone.Extensions.dll
Registered in 0.004509 seconds.
Native extension for WindowsStandalone target not found
Native extension for OSXStandalone target not found
Refreshing native plugins compatible for Editor in 46.57 ms, found 3 plugins.
Preloading 0 native plugins for Editor in 0.00 ms.
Mono: successfully reloaded assembly
- Completed reload, in  3.355 seconds
Platform modules already initialized, skipping
Registering precompiled user dll's ...
Registered in 0.003993 seconds.
Begin MonoManager ReloadAssembly
Native extension for WindowsStandalone target not found
Native extension for OSXStandalone target not found
Refreshing native plugins compatible for Editor in 45.68 ms, found 3 plugins.
Preloading 0 native plugins for Editor in 0.00 ms.
Mono: successfully reloaded assembly
- Completed reload, in  1.219 seconds
Platform modules already initialized, skipping
========================================================================
Worker process is ready to serve import requests
Launched and connected shader compiler UnityShaderCompiler.exe after 0.06 seconds
Refreshing native plugins compatible for Editor in 0.50 ms, found 3 plugins.
Preloading 0 native plugins for Editor in 0.00 ms.
Unloading 2256 Unused Serialized files (Serialized files now loaded: 0)
System memory in use before: 99.2 MB.
System memory in use after: 99.3 MB.

Unloading 25 unused Assets to reduce memory usage. Loaded Objects now: 2693.
Total: 2.901800 ms (FindLiveObjects: 0.224400 ms CreateObjectMapping: 0.118500 ms MarkObjects: 2.468500 ms  DeleteObjects: 0.087800 ms)

========================================================================
Received Prepare
Refreshing native plugins compatible for Editor in 3.84 ms, found 3 plugins.
Preloading 0 native plugins for Editor in 0.00 ms.
Unloading 12 Unused Serialized files (Serialized files now loaded: 0)
System memory in use before: 53.3 MB.
System memory in use after: 53.4 MB.

Unloading 12 unused Assets to reduce memory usage. Loaded Objects now: 2693.
Total: 2.318400 ms (FindLiveObjects: 0.198800 ms CreateObjectMapping: 0.109500 ms MarkObjects: 1.986400 ms  DeleteObjects: 0.022500 ms)

========================================================================
Received Import Request.
  path: Assets/Scenes/GameScene.unity
  artifactKey: Guid(2cda990e2423bbf4892e6590ba056729) Importer(815301076,1909f56bfc062723c751e8b465ee728b)
Start importing Assets/Scenes/GameScene.unity using Guid(2cda990e2423bbf4892e6590ba056729) Importer(815301076,1909f56bfc062723c751e8b465ee728b)  -> (artifact id: 'cfa575a922c726f3e393c18d2584949e') in 0.023290 seconds
  Import took 0.029415 seconds .

========================================================================
Received Import Request.
  Time since last request: 0.004946 seconds.
  path: Assets/Scenes/GameScene.unity
  artifactKey: Guid(2cda990e2423bbf4892e6590ba056729) Importer(815301076,1909f56bfc062723c751e8b465ee728b)
Start importing Assets/Scenes/GameScene.unity using Guid(2cda990e2423bbf4892e6590ba056729) Importer(815301076,1909f56bfc062723c751e8b465ee728b)  -> (artifact id: 'cfa575a922c726f3e393c18d2584949e') in 0.005605 seconds
  Import took 0.010681 seconds .

========================================================================
Received Import Request.
  Time since last request: 15.500174 seconds.
  path: Assets/Prefabs/BGItem.prefab
  artifactKey: Guid(c0164416d27bcc64e92f9599dd20c00f) Importer(815301076,1909f56bfc062723c751e8b465ee728b)
Start importing Assets/Prefabs/BGItem.prefab using Guid(c0164416d27bcc64e92f9599dd20c00f) Importer(815301076,1909f56bfc062723c751e8b465ee728b)  -> (artifact id: '5fd18dcc3412af1eaeaf84aa5c1a8aa5') in 0.113202 seconds
  Import took 0.117393 seconds .

========================================================================
Received Import Request.
  Time since last request: 0.000276 seconds.
  path: Assets/Prefabs/Card.prefab
  artifactKey: Guid(98d31ed381d8d4f42845e34c2dadba1e) Importer(815301076,1909f56bfc062723c751e8b465ee728b)
Start importing Assets/Prefabs/Card.prefab using Guid(98d31ed381d8d4f42845e34c2dadba1e) Importer(815301076,1909f56bfc062723c751e8b465ee728b)  -> (artifact id: '2276b3b77a36931cfc87cfd14b2b961b') in 0.096167 seconds
  Import took 0.101039 seconds .

========================================================================
Received Import Request.
  Time since last request: 0.000245 seconds.
  path: Assets/Prefabs/SoundManager.prefab
  artifactKey: Guid(349cfa4a6242a2c42a92d632355cea85) Importer(815301076,1909f56bfc062723c751e8b465ee728b)
Start importing Assets/Prefabs/SoundManager.prefab using Guid(349cfa4a6242a2c42a92d632355cea85) Importer(815301076,1909f56bfc062723c751e8b465ee728b)  -> (artifact id: '9e992429e065e17a044876b1da9bec3b') in 0.014462 seconds
  Import took 0.018265 seconds .

========================================================================
Received Prepare
Registering precompiled user dll's ...
Registered in 0.004490 seconds.
Begin MonoManager ReloadAssembly
Native extension for WindowsStandalone target not found
Native extension for OSXStandalone target not found
Refreshing native plugins compatible for Editor in 0.49 ms, found 3 plugins.
Preloading 0 native plugins for Editor in 0.00 ms.
Mono: successfully reloaded assembly
- Completed reload, in  1.557 seconds
Platform modules already initialized, skipping
Refreshing native plugins compatible for Editor in 1.10 ms, found 3 plugins.
Preloading 0 native plugins for Editor in 0.00 ms.
Unloading 2232 Unused Serialized files (Serialized files now loaded: 0)
System memory in use before: 100.5 MB.
System memory in use after: 100.6 MB.

Unloading 14 unused Assets to reduce memory usage. Loaded Objects now: 2702.
Total: 3.037400 ms (FindLiveObjects: 0.227800 ms CreateObjectMapping: 0.099900 ms MarkObjects: 2.686800 ms  DeleteObjects: 0.021700 ms)

========================================================================
Received Import Request.
  Time since last request: 20.091891 seconds.
  path: Assets/Prefabs/Card.prefab
  artifactKey: Guid(98d31ed381d8d4f42845e34c2dadba1e) Importer(815301076,1909f56bfc062723c751e8b465ee728b)
Start importing Assets/Prefabs/Card.prefab using Guid(98d31ed381d8d4f42845e34c2dadba1e) Importer(815301076,1909f56bfc062723c751e8b465ee728b)  -> (artifact id: 'f56b9cef24a30bbd551596fc16e0bdba') in 0.124912 seconds
  Import took 0.129507 seconds .

========================================================================
Received Import Request.
  Time since last request: 1.000583 seconds.
  path: Assets/Prefabs/Card.prefab
  artifactKey: Guid(98d31ed381d8d4f42845e34c2dadba1e) Importer(815301076,1909f56bfc062723c751e8b465ee728b)
Start importing Assets/Prefabs/Card.prefab using Guid(98d31ed381d8d4f42845e34c2dadba1e) Importer(815301076,1909f56bfc062723c751e8b465ee728b)  -> (artifact id: '3291736bce7d0ae9de84105135f3d4d4') in 0.050867 seconds
  Import took 0.057396 seconds .

========================================================================
Received Import Request.
  Time since last request: 11.901582 seconds.
  path: Assets/Prefabs/Card.prefab
  artifactKey: Guid(98d31ed381d8d4f42845e34c2dadba1e) Importer(815301076,1909f56bfc062723c751e8b465ee728b)
Start importing Assets/Prefabs/Card.prefab using Guid(98d31ed381d8d4f42845e34c2dadba1e) Importer(815301076,1909f56bfc062723c751e8b465ee728b)  -> (artifact id: '52ea4eeafa99eb66f3180a01befcee98') in 0.048823 seconds
  Import took 0.053866 seconds .

========================================================================
Received Import Request.
  Time since last request: 4.586870 seconds.
  path: Assets/Prefabs/Card.prefab
  artifactKey: Guid(98d31ed381d8d4f42845e34c2dadba1e) Importer(815301076,1909f56bfc062723c751e8b465ee728b)
Start importing Assets/Prefabs/Card.prefab using Guid(98d31ed381d8d4f42845e34c2dadba1e) Importer(815301076,1909f56bfc062723c751e8b465ee728b)  -> (artifact id: '9447739f72b851faa9cf27448cb55ac1') in 0.050721 seconds
  Import took 0.056829 seconds .

========================================================================
Received Import Request.
  Time since last request: 1.583803 seconds.
  path: Assets/Prefabs/Card.prefab
  artifactKey: Guid(98d31ed381d8d4f42845e34c2dadba1e) Importer(815301076,1909f56bfc062723c751e8b465ee728b)
Start importing Assets/Prefabs/Card.prefab using Guid(98d31ed381d8d4f42845e34c2dadba1e) Importer(815301076,1909f56bfc062723c751e8b465ee728b)  -> (artifact id: '5449c29f1dfd8aa7212eb3114a3d93c0') in 0.076730 seconds
  Import took 0.084071 seconds .

========================================================================
Received Import Request.
  Time since last request: 1.712254 seconds.
  path: Assets/Prefabs/Card.prefab
  artifactKey: Guid(98d31ed381d8d4f42845e34c2dadba1e) Importer(815301076,1909f56bfc062723c751e8b465ee728b)
Start importing Assets/Prefabs/Card.prefab using Guid(98d31ed381d8d4f42845e34c2dadba1e) Importer(815301076,1909f56bfc062723c751e8b465ee728b)  -> (artifact id: '6c7cb6b8032286cd3083583b86667e9b') in 0.049927 seconds
  Import took 0.054886 seconds .

========================================================================
Received Import Request.
  Time since last request: 4.048779 seconds.
  path: Assets/Prefabs/Card.prefab
  artifactKey: Guid(98d31ed381d8d4f42845e34c2dadba1e) Importer(815301076,1909f56bfc062723c751e8b465ee728b)
Start importing Assets/Prefabs/Card.prefab using Guid(98d31ed381d8d4f42845e34c2dadba1e) Importer(815301076,1909f56bfc062723c751e8b465ee728b)  -> (artifact id: '670b78c74f8fa392104a6ccdd7ad3ece') in 0.045754 seconds
  Import took 0.051001 seconds .

========================================================================
Received Import Request.
  Time since last request: 6.261209 seconds.
  path: Assets/Prefabs/Card.prefab
  artifactKey: Guid(98d31ed381d8d4f42845e34c2dadba1e) Importer(815301076,1909f56bfc062723c751e8b465ee728b)
Start importing Assets/Prefabs/Card.prefab using Guid(98d31ed381d8d4f42845e34c2dadba1e) Importer(815301076,1909f56bfc062723c751e8b465ee728b)  -> (artifact id: 'effeed8a7ee621ecb63fe7a7308b629a') in 0.050296 seconds
  Import took 0.055056 seconds .

========================================================================
Received Import Request.
  Time since last request: 4.836318 seconds.
  path: Assets/Prefabs/Card.prefab
  artifactKey: Guid(98d31ed381d8d4f42845e34c2dadba1e) Importer(815301076,1909f56bfc062723c751e8b465ee728b)
Start importing Assets/Prefabs/Card.prefab using Guid(98d31ed381d8d4f42845e34c2dadba1e) Importer(815301076,1909f56bfc062723c751e8b465ee728b)  -> (artifact id: 'ae2f721ce7f7b41fbec019f068ec7935') in 0.049783 seconds
  Import took 0.054795 seconds .

========================================================================
Received Import Request.
  Time since last request: 6.830908 seconds.
  path: Assets/Prefabs/Card.prefab
  artifactKey: Guid(98d31ed381d8d4f42845e34c2dadba1e) Importer(815301076,1909f56bfc062723c751e8b465ee728b)
Start importing Assets/Prefabs/Card.prefab using Guid(98d31ed381d8d4f42845e34c2dadba1e) Importer(815301076,1909f56bfc062723c751e8b465ee728b)  -> (artifact id: 'facfed587f65cbcdd9116ccc3b5a7ff5') in 0.044880 seconds
  Import took 0.049185 seconds .

========================================================================
Received Import Request.
  Time since last request: 4.444713 seconds.
  path: Assets/Prefabs/Card.prefab
  artifactKey: Guid(98d31ed381d8d4f42845e34c2dadba1e) Importer(815301076,1909f56bfc062723c751e8b465ee728b)
Start importing Assets/Prefabs/Card.prefab using Guid(98d31ed381d8d4f42845e34c2dadba1e) Importer(815301076,1909f56bfc062723c751e8b465ee728b)  -> (artifact id: '608f34571824a5b4512a408e756db254') in 0.080780 seconds
  Import took 0.087514 seconds .

========================================================================
Received Import Request.
  Time since last request: 1.827527 seconds.
  path: Assets/Prefabs/Card.prefab
  artifactKey: Guid(98d31ed381d8d4f42845e34c2dadba1e) Importer(815301076,1909f56bfc062723c751e8b465ee728b)
Start importing Assets/Prefabs/Card.prefab using Guid(98d31ed381d8d4f42845e34c2dadba1e) Importer(815301076,1909f56bfc062723c751e8b465ee728b)  -> (artifact id: '9472b5c39bba227870234142db30a524') in 0.072583 seconds
  Import took 0.084430 seconds .

========================================================================
Received Import Request.
  Time since last request: 21.200631 seconds.
  path: Assets/Prefabs/Card.prefab
  artifactKey: Guid(98d31ed381d8d4f42845e34c2dadba1e) Importer(815301076,1909f56bfc062723c751e8b465ee728b)
Start importing Assets/Prefabs/Card.prefab using Guid(98d31ed381d8d4f42845e34c2dadba1e) Importer(815301076,1909f56bfc062723c751e8b465ee728b)  -> (artifact id: '34cfdbac35804a4df8aed16c48a367ac') in 0.052524 seconds
  Import took 0.058609 seconds .

========================================================================
Received Import Request.
  Time since last request: 5.586157 seconds.
  path: Assets/Prefabs/Card.prefab
  artifactKey: Guid(98d31ed381d8d4f42845e34c2dadba1e) Importer(815301076,1909f56bfc062723c751e8b465ee728b)
Start importing Assets/Prefabs/Card.prefab using Guid(98d31ed381d8d4f42845e34c2dadba1e) Importer(815301076,1909f56bfc062723c751e8b465ee728b)  -> (artifact id: '85c455326fc35ad062620210ec10c5c1') in 0.047458 seconds
  Import took 0.051959 seconds .

========================================================================
Received Import Request.
  Time since last request: 2.972744 seconds.
  path: Assets/Prefabs/Card.prefab
  artifactKey: Guid(98d31ed381d8d4f42845e34c2dadba1e) Importer(815301076,1909f56bfc062723c751e8b465ee728b)
Start importing Assets/Prefabs/Card.prefab using Guid(98d31ed381d8d4f42845e34c2dadba1e) Importer(815301076,1909f56bfc062723c751e8b465ee728b)  -> (artifact id: '5140036067f41633a003552d5bb2df80') in 0.050604 seconds
  Import took 0.056104 seconds .

========================================================================
Received Import Request.
  Time since last request: 5.886304 seconds.
  path: Assets/Prefabs/Card.prefab
  artifactKey: Guid(98d31ed381d8d4f42845e34c2dadba1e) Importer(815301076,1909f56bfc062723c751e8b465ee728b)
Start importing Assets/Prefabs/Card.prefab using Guid(98d31ed381d8d4f42845e34c2dadba1e) Importer(815301076,1909f56bfc062723c751e8b465ee728b)  -> (artifact id: '7df785a604126a3001a65899e35e145e') in 0.053810 seconds
  Import took 0.058565 seconds .

========================================================================
Received Import Request.
  Time since last request: 7.052827 seconds.
  path: Assets/Prefabs/Card.prefab
  artifactKey: Guid(98d31ed381d8d4f42845e34c2dadba1e) Importer(815301076,1909f56bfc062723c751e8b465ee728b)
Start importing Assets/Prefabs/Card.prefab using Guid(98d31ed381d8d4f42845e34c2dadba1e) Importer(815301076,1909f56bfc062723c751e8b465ee728b)  -> (artifact id: 'fed4550283654540a7657446c1f85669') in 0.053893 seconds
  Import took 0.058838 seconds .

========================================================================
Received Import Request.
  Time since last request: 20.169749 seconds.
  path: Assets/Sprites/Blue Heart.asset
  artifactKey: Guid(8b0881ee50fa06e43a7ed7875bd765b5) Importer(815301076,1909f56bfc062723c751e8b465ee728b)
Start importing Assets/Sprites/Blue Heart.asset using Guid(8b0881ee50fa06e43a7ed7875bd765b5) Importer(815301076,1909f56bfc062723c751e8b465ee728b)  -> (artifact id: 'ab540db3ded345c7a1207c7791a898e4') in 0.017554 seconds
  Import took 0.023435 seconds .

========================================================================
Received Import Request.
  Time since last request: 0.000186 seconds.
  path: Assets/Sprites/elements-2.png
  artifactKey: Guid(3e82db4808065fc49baadf3a7b5eed86) Importer(815301076,1909f56bfc062723c751e8b465ee728b)
Start importing Assets/Sprites/elements-2.png using Guid(3e82db4808065fc49baadf3a7b5eed86) Importer(815301076,1909f56bfc062723c751e8b465ee728b)  -> (artifact id: '050788ab0e7ca0a371c63b2c999eb6f2') in 0.072170 seconds
  Import took 0.076862 seconds .

========================================================================
Received Import Request.
  Time since last request: 0.000255 seconds.
  path: Assets/Sprites/Clapping Hands.png
  artifactKey: Guid(4dcf4ef658aeb314583699ec09360377) Importer(815301076,1909f56bfc062723c751e8b465ee728b)
Start importing Assets/Sprites/Clapping Hands.png using Guid(4dcf4ef658aeb314583699ec09360377) Importer(815301076,1909f56bfc062723c751e8b465ee728b)  -> (artifact id: '55d47a6c2022b58834c948bce1212987') in 0.021495 seconds
  Import took 0.025924 seconds .

========================================================================
Received Import Request.
  Time since last request: 0.000359 seconds.
  path: Assets/Sprites/Party Popper.png
  artifactKey: Guid(ad874f3b14ab9474898fb36636a28fd2) Importer(815301076,1909f56bfc062723c751e8b465ee728b)
Start importing Assets/Sprites/Party Popper.png using Guid(ad874f3b14ab9474898fb36636a28fd2) Importer(815301076,1909f56bfc062723c751e8b465ee728b)  -> (artifact id: '34ab3ec850cc998e1305997bdb4ebab2') in 0.020416 seconds
  Import took 0.024410 seconds .

========================================================================
Received Import Request.
  Time since last request: 0.000257 seconds.
  path: Assets/Sprites/вместе.png
  artifactKey: Guid(06203f4737be10748b49d27f5474dc2e) Importer(815301076,1909f56bfc062723c751e8b465ee728b)
Start importing Assets/Sprites/вместе.png using Guid(06203f4737be10748b49d27f5474dc2e) Importer(815301076,1909f56bfc062723c751e8b465ee728b)  -> (artifact id: '6081be25ba513c669cd2806c3bb5b809') in 0.031237 seconds
  Import took 0.037264 seconds .

========================================================================
Received Import Request.
  Time since last request: 0.000294 seconds.
  path: Assets/Sprites/elements-aqwefwqefqweff3.png
  artifactKey: Guid(5b0488447e3b0f543ac41916107ea403) Importer(815301076,1909f56bfc062723c751e8b465ee728b)
Start importing Assets/Sprites/elements-aqwefwqefqweff3.png using Guid(5b0488447e3b0f543ac41916107ea403) Importer(815301076,1909f56bfc062723c751e8b465ee728b)  -> (artifact id: 'cb6c801014b0a66a6b604239c89c2f7f') in 0.026081 seconds
  Import took 0.032119 seconds .

========================================================================
Received Import Request.
  Time since last request: 0.000283 seconds.
  path: Assets/Sprites/elements.png
  artifactKey: Guid(a1bf780170eefd442b0cc2155afe5148) Importer(815301076,1909f56bfc062723c751e8b465ee728b)
Start importing Assets/Sprites/elements.png using Guid(a1bf780170eefd442b0cc2155afe5148) Importer(815301076,1909f56bfc062723c751e8b465ee728b)  -> (artifact id: '265477f1418d56fa086b5e1932577790') in 0.052700 seconds
  Import took 0.057108 seconds .

========================================================================
Received Import Request.
  Time since last request: 0.000269 seconds.
  path: Assets/Sprites/elements-1.png
  artifactKey: Guid(bebca8a4770767042aad7d72144393b3) Importer(815301076,1909f56bfc062723c751e8b465ee728b)
Start importing Assets/Sprites/elements-1.png using Guid(bebca8a4770767042aad7d72144393b3) Importer(815301076,1909f56bfc062723c751e8b465ee728b)  -> (artifact id: '1b5537ad9fe6704bdb28bf032b52fece') in 0.039986 seconds
  Import took 0.045701 seconds .

========================================================================
Received Import Request.
  Time since last request: 0.000265 seconds.
  path: Assets/Sprites/фон для дефолта.png
  artifactKey: Guid(11aee0a4b4041be41ab5dfa2f68020d3) Importer(815301076,1909f56bfc062723c751e8b465ee728b)
Start importing Assets/Sprites/фон для дефолта.png using Guid(11aee0a4b4041be41ab5dfa2f68020d3) Importer(815301076,1909f56bfc062723c751e8b465ee728b)  -> (artifact id: 'af6e234c8438c391c414932f5ec72f8c') in 0.025455 seconds
  Import took 0.030581 seconds .

========================================================================
Received Import Request.
  Time since last request: 0.000297 seconds.
  path: Assets/Sprites/вместе.asset
  artifactKey: Guid(6f94b01b1fabc764ba115a1533c898ff) Importer(815301076,1909f56bfc062723c751e8b465ee728b)
Start importing Assets/Sprites/вместе.asset using Guid(6f94b01b1fabc764ba115a1533c898ff) Importer(815301076,1909f56bfc062723c751e8b465ee728b)  -> (artifact id: '2abd486da3f5e67a51658b894059fa9d') in 0.006090 seconds
  Import took 0.012449 seconds .

========================================================================
Received Import Request.
  Time since last request: 0.000609 seconds.
  path: Assets/Sprites/маска.png
  artifactKey: Guid(4fcf7a2679c5135429d35b8835f2d3d9) Importer(815301076,1909f56bfc062723c751e8b465ee728b)
Start importing Assets/Sprites/маска.png using Guid(4fcf7a2679c5135429d35b8835f2d3d9) Importer(815301076,1909f56bfc062723c751e8b465ee728b)  -> (artifact id: 'fc55ba426406a58f3b9fb0a27431b0e2') in 0.021388 seconds
  Import took 0.026647 seconds .

========================================================================
Received Import Request.
  Time since last request: 0.000311 seconds.
  path: Assets/Sprites/Thinking Face.png
  artifactKey: Guid(b2647a5826b987d42bdd2faf49061ab5) Importer(815301076,1909f56bfc062723c751e8b465ee728b)
Start importing Assets/Sprites/Thinking Face.png using Guid(b2647a5826b987d42bdd2faf49061ab5) Importer(815301076,1909f56bfc062723c751e8b465ee728b)  -> (artifact id: 'eb996ec106a3dc9d769da4ccedd8d320') in 0.021302 seconds
  Import took 0.026337 seconds .

========================================================================
Received Import Request.
  Time since last request: 0.000261 seconds.
  path: Assets/Sprites/elements-3.png
  artifactKey: Guid(983a4cc4873a04d4fbffed1a7ab258dd) Importer(815301076,1909f56bfc062723c751e8b465ee728b)
Start importing Assets/Sprites/elements-3.png using Guid(983a4cc4873a04d4fbffed1a7ab258dd) Importer(815301076,1909f56bfc062723c751e8b465ee728b)  -> (artifact id: '1c848ccbd91e29aa42ccf5c8a32c3ecb') in 0.045047 seconds
  Import took 0.050173 seconds .

========================================================================
Received Import Request.
  Time since last request: 0.000247 seconds.
  path: Assets/Sprites/Blue Heart.png
  artifactKey: Guid(0f6d0a63553bed54aa716e7abbcdbda6) Importer(815301076,1909f56bfc062723c751e8b465ee728b)
Start importing Assets/Sprites/Blue Heart.png using Guid(0f6d0a63553bed54aa716e7abbcdbda6) Importer(815301076,1909f56bfc062723c751e8b465ee728b)  -> (artifact id: '509b56a2bcfa170beb780923adac67aa') in 0.014008 seconds
  Import took 0.019873 seconds .

========================================================================
Received Prepare
Registering precompiled user dll's ...
Registered in 0.004360 seconds.
Begin MonoManager ReloadAssembly
Native extension for WindowsStandalone target not found
Native extension for OSXStandalone target not found
Refreshing native plugins compatible for Editor in 0.48 ms, found 3 plugins.
Preloading 0 native plugins for Editor in 0.00 ms.
Mono: successfully reloaded assembly
- Completed reload, in  1.321 seconds
Platform modules already initialized, skipping
Refreshing native plugins compatible for Editor in 0.50 ms, found 3 plugins.
Preloading 0 native plugins for Editor in 0.00 ms.
Unloading 2232 Unused Serialized files (Serialized files now loaded: 0)
System memory in use before: 100.9 MB.
System memory in use after: 101.1 MB.

Unloading 14 unused Assets to reduce memory usage. Loaded Objects now: 2753.
Total: 2.767300 ms (FindLiveObjects: 0.331200 ms CreateObjectMapping: 0.240000 ms MarkObjects: 2.171400 ms  DeleteObjects: 0.023400 ms)

========================================================================
Received Prepare
Registering precompiled user dll's ...
Registered in 0.006344 seconds.
Begin MonoManager ReloadAssembly
Native extension for WindowsStandalone target not found
Native extension for OSXStandalone target not found
Refreshing native plugins compatible for Editor in 0.50 ms, found 3 plugins.
Preloading 0 native plugins for Editor in 0.00 ms.
Mono: successfully reloaded assembly
- Completed reload, in  1.784 seconds
Platform modules already initialized, skipping
Refreshing native plugins compatible for Editor in 1.07 ms, found 3 plugins.
Preloading 0 native plugins for Editor in 0.00 ms.
Unloading 2232 Unused Serialized files (Serialized files now loaded: 0)
System memory in use before: 100.9 MB.
System memory in use after: 101.1 MB.

Unloading 14 unused Assets to reduce memory usage. Loaded Objects now: 2755.
Total: 4.307000 ms (FindLiveObjects: 0.257500 ms CreateObjectMapping: 0.240800 ms MarkObjects: 3.784300 ms  DeleteObjects: 0.022900 ms)

========================================================================
Received Prepare
Registering precompiled user dll's ...
Registered in 0.003824 seconds.
Begin MonoManager ReloadAssembly
Native extension for WindowsStandalone target not found
Native extension for OSXStandalone target not found
Refreshing native plugins compatible for Editor in 0.58 ms, found 3 plugins.
Preloading 0 native plugins for Editor in 0.00 ms.
Mono: successfully reloaded assembly
- Completed reload, in  1.541 seconds
Platform modules already initialized, skipping
Refreshing native plugins compatible for Editor in 0.48 ms, found 3 plugins.
Preloading 0 native plugins for Editor in 0.00 ms.
Unloading 2232 Unused Serialized files (Serialized files now loaded: 0)
System memory in use before: 100.9 MB.
System memory in use after: 101.1 MB.

Unloading 14 unused Assets to reduce memory usage. Loaded Objects now: 2757.
Total: 2.443900 ms (FindLiveObjects: 0.241800 ms CreateObjectMapping: 0.120400 ms MarkObjects: 2.059300 ms  DeleteObjects: 0.021200 ms)

========================================================================
Received Prepare
Registering precompiled user dll's ...
Registered in 0.006580 seconds.
Begin MonoManager ReloadAssembly
Native extension for WindowsStandalone target not found
Native extension for OSXStandalone target not found
Refreshing native plugins compatible for Editor in 1.04 ms, found 3 plugins.
Preloading 0 native plugins for Editor in 0.00 ms.
Mono: successfully reloaded assembly
- Completed reload, in  1.922 seconds
Platform modules already initialized, skipping
Refreshing native plugins compatible for Editor in 0.53 ms, found 3 plugins.
Preloading 0 native plugins for Editor in 0.00 ms.
Unloading 2232 Unused Serialized files (Serialized files now loaded: 0)
System memory in use before: 100.8 MB.
System memory in use after: 101.0 MB.

Unloading 14 unused Assets to reduce memory usage. Loaded Objects now: 2759.
Total: 3.927100 ms (FindLiveObjects: 0.344900 ms CreateObjectMapping: 0.156400 ms MarkObjects: 3.397200 ms  DeleteObjects: 0.026700 ms)

========================================================================
Received Prepare
Registering precompiled user dll's ...
Registered in 0.004756 seconds.
Begin MonoManager ReloadAssembly
Native extension for WindowsStandalone target not found
Native extension for OSXStandalone target not found
Refreshing native plugins compatible for Editor in 0.52 ms, found 3 plugins.
Preloading 0 native plugins for Editor in 0.00 ms.
Mono: successfully reloaded assembly
- Completed reload, in  1.533 seconds
Platform modules already initialized, skipping
Refreshing native plugins compatible for Editor in 0.50 ms, found 3 plugins.
Preloading 0 native plugins for Editor in 0.00 ms.
Unloading 2232 Unused Serialized files (Serialized files now loaded: 0)
System memory in use before: 100.8 MB.
System memory in use after: 101.0 MB.

Unloading 14 unused Assets to reduce memory usage. Loaded Objects now: 2761.
Total: 2.503500 ms (FindLiveObjects: 0.237400 ms CreateObjectMapping: 0.092400 ms MarkObjects: 2.143600 ms  DeleteObjects: 0.029100 ms)

========================================================================
Received Import Request.
  Time since last request: 172.052688 seconds.
  path: Assets/Sprites/elements-aqwefwqefqweff3.png
  artifactKey: Guid(5b0488447e3b0f543ac41916107ea403) Importer(815301076,1909f56bfc062723c751e8b465ee728b)
Start importing Assets/Sprites/elements-aqwefwqefqweff3.png using Guid(5b0488447e3b0f543ac41916107ea403) Importer(815301076,1909f56bfc062723c751e8b465ee728b)  -> (artifact id: '9e9e78a0ee4030267593f152a2631380') in 0.059480 seconds
  Import took 0.063777 seconds .

========================================================================
Received Prepare
Registering precompiled user dll's ...
Registered in 0.006974 seconds.
Begin MonoManager ReloadAssembly
Native extension for WindowsStandalone target not found
Native extension for OSXStandalone target not found
Refreshing native plugins compatible for Editor in 0.94 ms, found 3 plugins.
Preloading 0 native plugins for Editor in 0.00 ms.
Mono: successfully reloaded assembly
- Completed reload, in  1.355 seconds
Platform modules already initialized, skipping
Refreshing native plugins compatible for Editor in 0.51 ms, found 3 plugins.
Preloading 0 native plugins for Editor in 0.00 ms.
Unloading 2232 Unused Serialized files (Serialized files now loaded: 0)
System memory in use before: 100.6 MB.
System memory in use after: 100.8 MB.

Unloading 14 unused Assets to reduce memory usage. Loaded Objects now: 2764.
Total: 2.544500 ms (FindLiveObjects: 0.271600 ms CreateObjectMapping: 0.165200 ms MarkObjects: 2.077000 ms  DeleteObjects: 0.029200 ms)

========================================================================
Received Prepare
Refreshing native plugins compatible for Editor in 54.95 ms, found 3 plugins.
Preloading 0 native plugins for Editor in 0.00 ms.
Unloading 12 Unused Serialized files (Serialized files now loaded: 0)
System memory in use before: 56.8 MB.
System memory in use after: 57.1 MB.

Unloading 12 unused Assets to reduce memory usage. Loaded Objects now: 2764.
Total: 9.478100 ms (FindLiveObjects: 1.131600 ms CreateObjectMapping: 0.942700 ms MarkObjects: 7.375200 ms  DeleteObjects: 0.026400 ms)

========================================================================
Received Import Request.
  Time since last request: 202.018561 seconds.
  path: Assets/Sprites/elements-2.png
  artifactKey: Guid(3e82db4808065fc49baadf3a7b5eed86) Importer(815301076,1909f56bfc062723c751e8b465ee728b)
Start importing Assets/Sprites/elements-2.png using Guid(3e82db4808065fc49baadf3a7b5eed86) Importer(815301076,1909f56bfc062723c751e8b465ee728b)  -> (artifact id: '3c66324b26d7fab89b9e37a8bec395c5') in 0.110054 seconds
  Import took 0.118247 seconds .

========================================================================
Received Import Request.
  Time since last request: 0.000130 seconds.
  path: Assets/Sprites/Clapping Hands.png
  artifactKey: Guid(4dcf4ef658aeb314583699ec09360377) Importer(815301076,1909f56bfc062723c751e8b465ee728b)
Start importing Assets/Sprites/Clapping Hands.png using Guid(4dcf4ef658aeb314583699ec09360377) Importer(815301076,1909f56bfc062723c751e8b465ee728b)  -> (artifact id: '0fa220be7b5cf0219fa2924d02e81e7e') in 0.029250 seconds
  Import took 0.043380 seconds .

========================================================================
Received Import Request.
  Time since last request: 0.001393 seconds.
  path: Assets/Sprites/Party Popper.png
  artifactKey: Guid(ad874f3b14ab9474898fb36636a28fd2) Importer(815301076,1909f56bfc062723c751e8b465ee728b)
Start importing Assets/Sprites/Party Popper.png using Guid(ad874f3b14ab9474898fb36636a28fd2) Importer(815301076,1909f56bfc062723c751e8b465ee728b)  -> (artifact id: '3f1ba17f04c968b3e52b4b55f0b048d3') in 0.057678 seconds
  Import took 0.068862 seconds .

========================================================================
Received Import Request.
  Time since last request: 0.000317 seconds.
  path: Assets/Sprites/вместе.png
  artifactKey: Guid(06203f4737be10748b49d27f5474dc2e) Importer(815301076,1909f56bfc062723c751e8b465ee728b)
Start importing Assets/Sprites/вместе.png using Guid(06203f4737be10748b49d27f5474dc2e) Importer(815301076,1909f56bfc062723c751e8b465ee728b)  -> (artifact id: 'e5e5dd38e857ee7c81379f31f1b4b4ee') in 0.066638 seconds
  Import took 0.075302 seconds .

========================================================================
Received Import Request.
  Time since last request: 0.000292 seconds.
  path: Assets/Sprites/elements-aqwefwqefqweff3.png
  artifactKey: Guid(5b0488447e3b0f543ac41916107ea403) Importer(815301076,1909f56bfc062723c751e8b465ee728b)
Start importing Assets/Sprites/elements-aqwefwqefqweff3.png using Guid(5b0488447e3b0f543ac41916107ea403) Importer(815301076,1909f56bfc062723c751e8b465ee728b)  -> (artifact id: '7b3bf8542d867df267b30976c7bd6665') in 0.060532 seconds
  Import took 0.075656 seconds .

========================================================================
Received Import Request.
  Time since last request: 0.000102 seconds.
  path: Assets/Sprites/elements.png
  artifactKey: Guid(a1bf780170eefd442b0cc2155afe5148) Importer(815301076,1909f56bfc062723c751e8b465ee728b)
Start importing Assets/Sprites/elements.png using Guid(a1bf780170eefd442b0cc2155afe5148) Importer(815301076,1909f56bfc062723c751e8b465ee728b)  -> (artifact id: '821da272038233356abcf7eea0a1deeb') in 0.089262 seconds
  Import took 0.096383 seconds .

========================================================================
Received Import Request.
  Time since last request: 0.000380 seconds.
  path: Assets/Sprites/elements-1.png
  artifactKey: Guid(bebca8a4770767042aad7d72144393b3) Importer(815301076,1909f56bfc062723c751e8b465ee728b)
Start importing Assets/Sprites/elements-1.png using Guid(bebca8a4770767042aad7d72144393b3) Importer(815301076,1909f56bfc062723c751e8b465ee728b)  -> (artifact id: 'b140e1aeaabd926d972ee3e127eadb03') in 0.067075 seconds
  Import took 0.076086 seconds .

========================================================================
Received Import Request.
  Time since last request: 0.000240 seconds.
  path: Assets/Sprites/фон для дефолта.png
  artifactKey: Guid(11aee0a4b4041be41ab5dfa2f68020d3) Importer(815301076,1909f56bfc062723c751e8b465ee728b)
Start importing Assets/Sprites/фон для дефолта.png using Guid(11aee0a4b4041be41ab5dfa2f68020d3) Importer(815301076,1909f56bfc062723c751e8b465ee728b)  -> (artifact id: '860b78a4eaef337b15648829cb58149b') in 0.059025 seconds
  Import took 0.065437 seconds .

========================================================================
Received Import Request.
  Time since last request: 0.000409 seconds.
  path: Assets/Sprites/маска.png
  artifactKey: Guid(4fcf7a2679c5135429d35b8835f2d3d9) Importer(815301076,1909f56bfc062723c751e8b465ee728b)
Start importing Assets/Sprites/маска.png using Guid(4fcf7a2679c5135429d35b8835f2d3d9) Importer(815301076,1909f56bfc062723c751e8b465ee728b)  -> (artifact id: 'fcef93438dab83adf2e098b3af71a000') in 0.035573 seconds
  Import took 0.042442 seconds .

========================================================================
Received Import Request.
  Time since last request: 0.000281 seconds.
  path: Assets/Sprites/Thinking Face.png
  artifactKey: Guid(b2647a5826b987d42bdd2faf49061ab5) Importer(815301076,1909f56bfc062723c751e8b465ee728b)
Start importing Assets/Sprites/Thinking Face.png using Guid(b2647a5826b987d42bdd2faf49061ab5) Importer(815301076,1909f56bfc062723c751e8b465ee728b)  -> (artifact id: 'f7ce44176147070ea43333efeb6a4f45') in 0.021679 seconds
  Import took 0.025770 seconds .

========================================================================
Received Import Request.
  Time since last request: 0.000289 seconds.
  path: Assets/Sprites/elements-3.png
  artifactKey: Guid(983a4cc4873a04d4fbffed1a7ab258dd) Importer(815301076,1909f56bfc062723c751e8b465ee728b)
Start importing Assets/Sprites/elements-3.png using Guid(983a4cc4873a04d4fbffed1a7ab258dd) Importer(815301076,1909f56bfc062723c751e8b465ee728b)  -> (artifact id: '4697a7c54b7b6d62149f0bd03ca46983') in 0.039830 seconds
  Import took 0.045127 seconds .

========================================================================
Received Import Request.
  Time since last request: 0.000289 seconds.
  path: Assets/Sprites/Blue Heart.png
  artifactKey: Guid(0f6d0a63553bed54aa716e7abbcdbda6) Importer(815301076,1909f56bfc062723c751e8b465ee728b)
Start importing Assets/Sprites/Blue Heart.png using Guid(0f6d0a63553bed54aa716e7abbcdbda6) Importer(815301076,1909f56bfc062723c751e8b465ee728b)  -> (artifact id: 'b9b27e3f8fee27550084758850479380') in 0.013859 seconds
  Import took 0.019360 seconds .

========================================================================
Received Import Request.
  Time since last request: 21.366162 seconds.
  path: Assets/Sprites/elements-3.png
  artifactKey: Guid(983a4cc4873a04d4fbffed1a7ab258dd) Importer(815301076,1909f56bfc062723c751e8b465ee728b)
Start importing Assets/Sprites/elements-3.png using Guid(983a4cc4873a04d4fbffed1a7ab258dd) Importer(815301076,1909f56bfc062723c751e8b465ee728b)  -> (artifact id: '9610512bc3691f453a718dba7c6d2558') in 0.042078 seconds
  Import took 0.046846 seconds .

========================================================================
Received Import Request.
  Time since last request: 3.474278 seconds.
  path: Assets/Sprites/elements-3.png
  artifactKey: Guid(983a4cc4873a04d4fbffed1a7ab258dd) Importer(815301076,1909f56bfc062723c751e8b465ee728b)
Start importing Assets/Sprites/elements-3.png using Guid(983a4cc4873a04d4fbffed1a7ab258dd) Importer(815301076,1909f56bfc062723c751e8b465ee728b)  -> (artifact id: '31be4b0a1ff56a66763a6cdaa248c614') in 0.036919 seconds
  Import took 0.041736 seconds .

========================================================================
Received Import Request.
  Time since last request: 16.447956 seconds.
  path: Assets/Sprites/elements-aqwefwqefqweff3.png
  artifactKey: Guid(5b0488447e3b0f543ac41916107ea403) Importer(815301076,1909f56bfc062723c751e8b465ee728b)
Start importing Assets/Sprites/elements-aqwefwqefqweff3.png using Guid(5b0488447e3b0f543ac41916107ea403) Importer(815301076,1909f56bfc062723c751e8b465ee728b)  -> (artifact id: '8dc0302e423a916505a968d9871c161a') in 0.017929 seconds
  Import took 0.022848 seconds .

========================================================================
Received Import Request.
  Time since last request: 0.007030 seconds.
  path: Assets/Sprites/elements-aqwefwqefqweff3.png
  artifactKey: Guid(5b0488447e3b0f543ac41916107ea403) Importer(815301076,1909f56bfc062723c751e8b465ee728b)
Start importing Assets/Sprites/elements-aqwefwqefqweff3.png using Guid(5b0488447e3b0f543ac41916107ea403) Importer(815301076,1909f56bfc062723c751e8b465ee728b)  -> (artifact id: '8dc0302e423a916505a968d9871c161a') in 0.018878 seconds
  Import took 0.023736 seconds .

========================================================================
Received Prepare
Registering precompiled user dll's ...
Registered in 0.003934 seconds.
Begin MonoManager ReloadAssembly
Native extension for WindowsStandalone target not found
Native extension for OSXStandalone target not found
Refreshing native plugins compatible for Editor in 0.50 ms, found 3 plugins.
Preloading 0 native plugins for Editor in 0.00 ms.
Mono: successfully reloaded assembly
- Completed reload, in  1.173 seconds
Platform modules already initialized, skipping
Refreshing native plugins compatible for Editor in 0.51 ms, found 3 plugins.
Preloading 0 native plugins for Editor in 0.00 ms.
Unloading 2232 Unused Serialized files (Serialized files now loaded: 0)
System memory in use before: 100.7 MB.
System memory in use after: 100.9 MB.

Unloading 14 unused Assets to reduce memory usage. Loaded Objects now: 2767.
Total: 2.791000 ms (FindLiveObjects: 0.412300 ms CreateObjectMapping: 0.154900 ms MarkObjects: 2.200700 ms  DeleteObjects: 0.022300 ms)

========================================================================
Received Prepare
Registering precompiled user dll's ...
Registered in 0.003930 seconds.
Begin MonoManager ReloadAssembly
Native extension for WindowsStandalone target not found
Native extension for OSXStandalone target not found
Refreshing native plugins compatible for Editor in 0.53 ms, found 3 plugins.
Preloading 0 native plugins for Editor in 0.00 ms.
Mono: successfully reloaded assembly
- Completed reload, in  1.465 seconds
Platform modules already initialized, skipping
Refreshing native plugins compatible for Editor in 0.84 ms, found 3 plugins.
Preloading 0 native plugins for Editor in 0.00 ms.
Unloading 2232 Unused Serialized files (Serialized files now loaded: 0)
System memory in use before: 100.7 MB.
System memory in use after: 100.9 MB.

Unloading 14 unused Assets to reduce memory usage. Loaded Objects now: 2769.
Total: 2.984400 ms (FindLiveObjects: 0.348500 ms CreateObjectMapping: 0.154500 ms MarkObjects: 2.448700 ms  DeleteObjects: 0.030800 ms)

AssetImportWorkerClient::OnTransportError - code=2 error=End of file
